<?xml version="1.0" encoding="UTF-8"?>
<!-- Generated by org.testng.reporters.JUnitReportReporter -->
<testsuite skipped="0" hostname="SD" name="com.qa.crud.testcases.AddressListTestcases" tests="1" failures="0" timestamp="22 Nov 2021 04:56:11 GMT" time="1.353" errors="0">
  <testcase name="deleteAddressTest" time="1.353" classname="com.qa.crud.testcases.AddressListTestcases"/>
</testsuite> <!-- com.qa.crud.testcases.AddressListTestcases -->
