<?xml version="1.0" encoding="UTF-8"?>
<!-- Generated by org.testng.reporters.JUnitReportReporter -->
<testsuite skipped="0" hostname="SD" name="com.qa.crud.testcases.AddressPageTest" tests="2" failures="0" timestamp="19 Oct 2021 15:38:33 GMT" time="9.559" errors="0">
  <testcase name="updateAddressTest" time="4.763" classname="com.qa.crud.testcases.AddressPageTest"/>
  <testcase name="updateAddressTest" time="4.796" classname="com.qa.crud.testcases.AddressPageTest"/>
</testsuite> <!-- com.qa.crud.testcases.AddressPageTest -->
