<?xml version="1.0" encoding="UTF-8"?>
<!-- Generated by org.testng.reporters.JUnitReportReporter -->
<testsuite skipped="0" hostname="SD" name="com.qa.crud.testcases.AddressListTestcases" tests="1" failures="0" timestamp="23 Oct 2021 13:07:34 GMT" time="1.350" errors="0">
  <testcase name="getAddressTest" time="1.350" classname="com.qa.crud.testcases.AddressListTestcases"/>
</testsuite> <!-- com.qa.crud.testcases.AddressListTestcases -->
