<?xml version="1.0" encoding="UTF-8"?>
<!-- Generated by org.testng.reporters.JUnitReportReporter -->
<testsuite skipped="0" hostname="SD" name="com.qa.crud.testcases.AddressPageTest" tests="2" failures="0" timestamp="22 Nov 2021 04:51:34 GMT" time="4.925" errors="0">
  <testcase name="createAddressTest" time="2.405" classname="com.qa.crud.testcases.AddressPageTest"/>
  <testcase name="createAddressTest" time="2.520" classname="com.qa.crud.testcases.AddressPageTest"/>
</testsuite> <!-- com.qa.crud.testcases.AddressPageTest -->
